<?xml version="1.0" encoding="utf-8"?><testsuites name="pytest tests"><testsuite name="pytest" errors="0" failures="1" skipped="0" tests="14" time="1.422" timestamp="2026-06-11T08:00:19.354862+00:00" hostname="agent-env-4b45d364-7b8d-405a-8e93-63662eeb6c3c"><testcase classname="backend.tests.test_p1_features.TestQRCard" name="test_qr_card_returns_200" time="0.618" /><testcase classname="backend.tests.test_p1_features.TestQRCard" name="test_qr_card_content_type_pdf" time="0.070" /><testcase classname="backend.tests.test_p1_features.TestQRCard" name="test_qr_card_has_content" time="0.070" /><testcase classname="backend.tests.test_p1_features.TestQRCard" name="test_qr_card_404_for_invalid_id" time="0.049" /><testcase classname="backend.tests.test_p1_features.TestMinutesPDF" name="test_minutes_pdf_returns_200" time="0.097" /><testcase classname="backend.tests.test_p1_features.TestMinutesPDF" name="test_minutes_pdf_content_type" time="0.049" /><testcase classname="backend.tests.test_p1_features.TestMinutesPDF" name="test_minutes_pdf_has_content" time="0.048" /><testcase classname="backend.tests.test_p1_features.TestMinutesPDF" name="test_minutes_pdf_404_for_invalid" time="0.047" /><testcase classname="backend.tests.test_p1_features.TestMeetingResolutions" name="test_update_meeting_with_resolutions_list" time="0.045" /><testcase classname="backend.tests.test_p1_features.TestMeetingResolutions" name="test_resolutions_persist_on_get" time="0.044" /><testcase classname="backend.tests.test_p1_features.TestHandovers" name="test_list_handovers_returns_200" time="0.047" /><testcase classname="backend.tests.test_p1_features.TestHandovers" name="test_create_handover" time="0.047" /><testcase classname="backend.tests.test_p1_features.TestHandovers" name="test_handover_in_list_after_create" time="0.046" /><testcase classname="backend.tests.test_p1_features.TestHandovers" name="test_handover_checklist_count" time="0.047"><failure message="AssertionError: assert 2 == 8&#10; +  where 2 = len([{'checked': True, 'item': 'Minutes Book'}, {'checked': True, 'item': 'Cashbook Register'}])&#10; +    where [{'checked': True, 'item': 'Minutes Book'}, {'checked': True, 'item': 'Cashbook Register'}] = &lt;built-in method get of dict object at 0xf8f2b034a700&gt;('documents_checklist', [])&#10; +      where &lt;built-in method get of dict object at 0xf8f2b034a700&gt; = {'created_at': '2026-06-11T07:58:48.634470+00:00', 'documents_checklist': [{'checked': True, 'item': 'Minutes Book'}, {'checked': True, 'item': 'Cashbook Register'}], 'from_year': 2024, 'fund_balance': 125000.0, ...}.get">backend/tests/test_p1_features.py:167: in test_handover_checklist_count
    assert len(h.get("documents_checklist", [])) == 8
E   AssertionError: assert 2 == 8
E    +  where 2 = len([{'checked': True, 'item': 'Minutes Book'}, {'checked': True, 'item': 'Cashbook Register'}])
E    +    where [{'checked': True, 'item': 'Minutes Book'}, {'checked': True, 'item': 'Cashbook Register'}] = &lt;built-in method get of dict object at 0xf8f2b034a700&gt;('documents_checklist', [])
E    +      where &lt;built-in method get of dict object at 0xf8f2b034a700&gt; = {'created_at': '2026-06-11T07:58:48.634470+00:00', 'documents_checklist': [{'checked': True, 'item': 'Minutes Book'}, {'checked': True, 'item': 'Cashbook Register'}], 'from_year': 2024, 'fund_balance': 125000.0, ...}.get</failure></testcase></testsuite></testsuites>