<?xml version="1.0" encoding="utf-8"?><testsuites name="pytest tests"><testsuite name="pytest" errors="0" failures="0" skipped="0" tests="31" time="2.555" timestamp="2026-06-11T06:42:52.954332+00:00" hostname="agent-env-4b45d364-7b8d-405a-8e93-63662eeb6c3c"><testcase classname="backend.tests.test_twenty20.TestAuth" name="test_login_success" time="0.468" /><testcase classname="backend.tests.test_twenty20.TestAuth" name="test_login_invalid" time="0.046" /><testcase classname="backend.tests.test_twenty20.TestAuth" name="test_me_endpoint" time="0.316" /><testcase classname="backend.tests.test_twenty20.TestDashboard" name="test_dashboard_stats" time="0.051" /><testcase classname="backend.tests.test_twenty20.TestDashboard" name="test_recent_activity" time="0.046" /><testcase classname="backend.tests.test_twenty20.TestDashboard" name="test_monthly_collections" time="0.053" /><testcase classname="backend.tests.test_twenty20.TestMembers" name="test_list_members" time="0.043" /><testcase classname="backend.tests.test_twenty20.TestMembers" name="test_create_member" time="0.051" /><testcase classname="backend.tests.test_twenty20.TestMembers" name="test_get_member" time="0.047" /><testcase classname="backend.tests.test_twenty20.TestMembers" name="test_update_member" time="0.046" /><testcase classname="backend.tests.test_twenty20.TestContributions" name="test_list_contributions" time="0.046" /><testcase classname="backend.tests.test_twenty20.TestContributions" name="test_contribution_status" time="0.049" /><testcase classname="backend.tests.test_twenty20.TestContributions" name="test_record_contribution" time="0.050" /><testcase classname="backend.tests.test_twenty20.TestBenefits" name="test_list_benefits" time="0.052" /><testcase classname="backend.tests.test_twenty20.TestBenefits" name="test_apply_benefit" time="0.050" /><testcase classname="backend.tests.test_twenty20.TestMedicalAid" name="test_list_medical_aid" time="0.046" /><testcase classname="backend.tests.test_twenty20.TestMedicalAid" name="test_apply_medical_aid" time="0.050" /><testcase classname="backend.tests.test_twenty20.TestDeathAssistance" name="test_list_death_assistance" time="0.045" /><testcase classname="backend.tests.test_twenty20.TestDeathAssistance" name="test_create_death_assistance" time="0.048" /><testcase classname="backend.tests.test_twenty20.TestCashbook" name="test_list_cashbook" time="0.047" /><testcase classname="backend.tests.test_twenty20.TestCashbook" name="test_create_cashbook_entry" time="0.045" /><testcase classname="backend.tests.test_twenty20.TestCommittee" name="test_list_committees" time="0.047" /><testcase classname="backend.tests.test_twenty20.TestCommittee" name="test_create_committee" time="0.045" /><testcase classname="backend.tests.test_twenty20.TestMeetings" name="test_list_meetings" time="0.044" /><testcase classname="backend.tests.test_twenty20.TestMeetings" name="test_create_meeting" time="0.047" /><testcase classname="backend.tests.test_twenty20.TestUsers" name="test_list_users" time="0.047" /><testcase classname="backend.tests.test_twenty20.TestUsers" name="test_create_user" time="0.269" /><testcase classname="backend.tests.test_twenty20.TestReports" name="test_members_report" time="0.047" /><testcase classname="backend.tests.test_twenty20.TestReports" name="test_contributions_report" time="0.048" /><testcase classname="backend.tests.test_twenty20.TestReports" name="test_benefits_report" time="0.048" /><testcase classname="backend.tests.test_twenty20.TestCleanup" name="test_delete_test_member" time="0.046" /></testsuite></testsuites>