<?xml version="1.0" encoding="utf-8"?><testsuites name="pytest tests"><testsuite name="pytest" errors="0" failures="0" skipped="0" tests="16" time="2.143" timestamp="2026-06-11T07:29:26.565804+00:00" hostname="agent-env-4b45d364-7b8d-405a-8e93-63662eeb6c3c"><testcase classname="backend.tests.test_phase2.TestExportReports" name="test_export_excel_returns_200_with_xlsx" time="0.680" /><testcase classname="backend.tests.test_phase2.TestExportReports" name="test_export_pdf_returns_200_with_pdf" time="0.059" /><testcase classname="backend.tests.test_phase2.TestExportReports" name="test_export_excel_unauthenticated_returns_401" time="0.111" /><testcase classname="backend.tests.test_phase2.TestNotifications" name="test_get_defaulters_returns_200" time="0.052" /><testcase classname="backend.tests.test_phase2.TestNotifications" name="test_get_defaulters_has_month_year" time="0.051" /><testcase classname="backend.tests.test_phase2.TestNotifications" name="test_send_reminders_mock_mode" time="0.053" /><testcase classname="backend.tests.test_phase2.TestNotifications" name="test_send_reminders_mock_results_structure" time="0.059" /><testcase classname="backend.tests.test_phase2.TestNotifications" name="test_notifications_unauthenticated_returns_401" time="0.104" /><testcase classname="backend.tests.test_phase2.TestAudit" name="test_get_audit_report_returns_200" time="0.054" /><testcase classname="backend.tests.test_phase2.TestAudit" name="test_audit_report_has_monthly_breakdown" time="0.055" /><testcase classname="backend.tests.test_phase2.TestAudit" name="test_get_sign_offs_returns_list" time="0.051" /><testcase classname="backend.tests.test_phase2.TestAudit" name="test_super_admin_cannot_sign_off" time="0.051" /><testcase classname="backend.tests.test_phase2.TestAudit" name="test_auditor_can_sign_off" time="0.406" /><testcase classname="backend.tests.test_phase2.TestAudit" name="test_auditor_cannot_sign_off_twice" time="0.117" /><testcase classname="backend.tests.test_phase2.TestAudit" name="test_audit_report_unauthenticated_returns_401" time="0.106" /><testcase classname="backend.tests.test_phase2.TestAudit" name="test_auditor_can_access_audit_report" time="0.054" /></testsuite></testsuites>