<?xml version="1.0" encoding="utf-8"?><testsuites name="pytest tests"><testsuite name="pytest" errors="0" failures="0" skipped="0" tests="19" time="6.143" timestamp="2026-06-12T07:46:35.475194+00:00" hostname="agent-env-4b45d364-7b8d-405a-8e93-63662eeb6c3c"><testcase classname="tests.test_security_fixes.TestRegisterPrivilegeEscalation" name="test_register_with_super_admin_role_creates_member" time="0.319" /><testcase classname="tests.test_security_fixes.TestRegisterPrivilegeEscalation" name="test_register_with_president_role_creates_member" time="0.342" /><testcase classname="tests.test_security_fixes.TestBruteForce" name="test_brute_force_lockout" time="0.582" /><testcase classname="tests.test_security_fixes.TestDisabledAccount" name="test_disabled_user_login_returns_403" time="1.037" /><testcase classname="tests.test_security_fixes.TestDisabledAccount" name="test_disabled_user_token_returns_403_on_me" time="0.711" /><testcase classname="tests.test_security_fixes.TestSecretaryRestrictions" name="test_secretary_cannot_create_super_admin" time="0.361" /><testcase classname="tests.test_security_fixes.TestSecretaryRestrictions" name="test_secretary_can_create_member" time="0.314" /><testcase classname="tests.test_security_fixes.TestSelfDeletion" name="test_super_admin_cannot_delete_self" time="0.086" /><testcase classname="tests.test_security_fixes.TestAadhaarMasking" name="test_aadhaar_masked_for_non_super_admin" time="0.133" /><testcase classname="tests.test_security_fixes.TestAadhaarMasking" name="test_aadhaar_unmasked_for_super_admin" time="0.133" /><testcase classname="tests.test_security_fixes.TestObjectIdSafety" name="test_malformed_qr_card_id_returns_400" time="0.046" /><testcase classname="tests.test_security_fixes.TestObjectIdSafety" name="test_malformed_contribution_receipt_id_returns_400" time="0.044" /><testcase classname="tests.test_security_fixes.TestReceiptIDOR" name="test_member_cannot_access_other_member_receipt" time="1.302" /><testcase classname="tests.test_security_fixes.TestPasswordValidation" name="test_register_short_password_returns_422" time="0.122" /><testcase classname="tests.test_security_fixes.TestEmailValidation" name="test_register_invalid_email_returns_422" time="0.093" /><testcase classname="tests.test_security_fixes.TestCoreEndpoints" name="test_admin_login_works" time="0.315" /><testcase classname="tests.test_security_fixes.TestCoreEndpoints" name="test_get_members_returns_data" time="0.042" /><testcase classname="tests.test_security_fixes.TestCoreEndpoints" name="test_get_contributions_returns_data" time="0.043" /><testcase classname="tests.test_security_fixes.TestCoreEndpoints" name="test_dashboard_returns_data" time="0.050" /></testsuite></testsuites>